{"C:\\Users\\danaharlos\\Documents\\third year\\CPEN321\\ProjectRepo\\spottr\\server\\server.js": {"path":"C:\\Users\\danaharlos\\Documents\\third year\\CPEN321\\ProjectRepo\\spottr\\server\\server.js","statementMap":{"0":{"start":{"line":1,"column":16},"end":{"line":1,"column":34}},"1":{"start":{"line":2,"column":12},"end":{"line":2,"column":21}},"2":{"start":{"line":3,"column":13},"end":{"line":3,"column":28}},"3":{"start":{"line":4,"column":19},"end":{"line":4,"column":41}},"4":{"start":{"line":5,"column":13},"end":{"line":5,"column":37}},"5":{"start":{"line":7,"column":23},"end":{"line":7,"column":65}},"6":{"start":{"line":8,"column":24},"end":{"line":8,"column":67}},"7":{"start":{"line":9,"column":20},"end":{"line":9,"column":59}},"8":{"start":{"line":10,"column":20},"end":{"line":10,"column":59}},"9":{"start":{"line":11,"column":19},"end":{"line":11,"column":49}},"10":{"start":{"line":12,"column":18},"end":{"line":12,"column":47}},"11":{"start":{"line":14,"column":19},"end":{"line":14,"column":60}},"12":{"start":{"line":15,"column":15},"end":{"line":15,"column":39}},"13":{"start":{"line":17,"column":0},"end":{"line":17,"column":35}},"14":{"start":{"line":19,"column":0},"end":{"line":19,"column":21}},"15":{"start":{"line":21,"column":0},"end":{"line":21,"column":93}},"16":{"start":{"line":21,"column":25},"end":{"line":21,"column":89}},"17":{"start":{"line":23,"column":0},"end":{"line":23,"column":62}},"18":{"start":{"line":23,"column":37},"end":{"line":23,"column":58}},"19":{"start":{"line":29,"column":0},"end":{"line":36,"column":3}},"20":{"start":{"line":30,"column":2},"end":{"line":35,"column":3}},"21":{"start":{"line":31,"column":16},"end":{"line":31,"column":55}},"22":{"start":{"line":32,"column":4},"end":{"line":32,"column":20}},"23":{"start":{"line":34,"column":4},"end":{"line":34,"column":50}},"24":{"start":{"line":38,"column":0},"end":{"line":45,"column":3}},"25":{"start":{"line":39,"column":2},"end":{"line":44,"column":3}},"26":{"start":{"line":40,"column":15},"end":{"line":40,"column":85}},"27":{"start":{"line":41,"column":4},"end":{"line":41,"column":19}},"28":{"start":{"line":43,"column":4},"end":{"line":43,"column":50}},"29":{"start":{"line":52,"column":0},"end":{"line":60,"column":3}},"30":{"start":{"line":53,"column":2},"end":{"line":59,"column":3}},"31":{"start":{"line":54,"column":4},"end":{"line":56,"column":6}},"32":{"start":{"line":58,"column":4},"end":{"line":58,"column":50}},"33":{"start":{"line":68,"column":0},"end":{"line":86,"column":3}},"34":{"start":{"line":69,"column":2},"end":{"line":85,"column":3}},"35":{"start":{"line":71,"column":4},"end":{"line":73,"column":5}},"36":{"start":{"line":72,"column":6},"end":{"line":72,"column":76}},"37":{"start":{"line":74,"column":4},"end":{"line":76,"column":5}},"38":{"start":{"line":75,"column":6},"end":{"line":75,"column":54}},"39":{"start":{"line":78,"column":4},"end":{"line":80,"column":6}},"40":{"start":{"line":83,"column":4},"end":{"line":83,"column":35}},"41":{"start":{"line":84,"column":4},"end":{"line":84,"column":58}},"42":{"start":{"line":93,"column":0},"end":{"line":104,"column":3}},"43":{"start":{"line":94,"column":2},"end":{"line":103,"column":3}},"44":{"start":{"line":95,"column":4},"end":{"line":100,"column":7}},"45":{"start":{"line":102,"column":4},"end":{"line":102,"column":50}},"46":{"start":{"line":106,"column":0},"end":{"line":116,"column":3}},"47":{"start":{"line":107,"column":2},"end":{"line":115,"column":3}},"48":{"start":{"line":108,"column":4},"end":{"line":112,"column":7}},"49":{"start":{"line":114,"column":4},"end":{"line":114,"column":50}},"50":{"start":{"line":118,"column":0},"end":{"line":129,"column":3}},"51":{"start":{"line":119,"column":2},"end":{"line":128,"column":3}},"52":{"start":{"line":120,"column":4},"end":{"line":125,"column":7}},"53":{"start":{"line":127,"column":4},"end":{"line":127,"column":50}},"54":{"start":{"line":131,"column":0},"end":{"line":144,"column":3}},"55":{"start":{"line":132,"column":2},"end":{"line":143,"column":3}},"56":{"start":{"line":133,"column":4},"end":{"line":138,"column":6}},"57":{"start":{"line":140,"column":4},"end":{"line":140,"column":47}},"58":{"start":{"line":142,"column":4},"end":{"line":142,"column":50}},"59":{"start":{"line":146,"column":0},"end":{"line":154,"column":3}},"60":{"start":{"line":147,"column":2},"end":{"line":153,"column":3}},"61":{"start":{"line":148,"column":4},"end":{"line":150,"column":6}},"62":{"start":{"line":152,"column":4},"end":{"line":152,"column":50}},"63":{"start":{"line":156,"column":0},"end":{"line":164,"column":3}},"64":{"start":{"line":157,"column":2},"end":{"line":163,"column":3}},"65":{"start":{"line":158,"column":4},"end":{"line":160,"column":6}},"66":{"start":{"line":162,"column":4},"end":{"line":162,"column":50}},"67":{"start":{"line":166,"column":0},"end":{"line":174,"column":3}},"68":{"start":{"line":167,"column":2},"end":{"line":173,"column":3}},"69":{"start":{"line":168,"column":4},"end":{"line":170,"column":6}},"70":{"start":{"line":172,"column":4},"end":{"line":172,"column":50}}},"fnMap":{"0":{"name":"(anonymous_0)","decl":{"start":{"line":21,"column":17},"end":{"line":21,"column":18}},"loc":{"start":{"line":21,"column":23},"end":{"line":21,"column":91}},"line":21},"1":{"name":"(anonymous_1)","decl":{"start":{"line":23,"column":21},"end":{"line":23,"column":22}},"loc":{"start":{"line":23,"column":35},"end":{"line":23,"column":60}},"line":23},"2":{"name":"(anonymous_2)","decl":{"start":{"line":29,"column":26},"end":{"line":29,"column":27}},"loc":{"start":{"line":29,"column":51},"end":{"line":36,"column":1}},"line":29},"3":{"name":"(anonymous_3)","decl":{"start":{"line":38,"column":34},"end":{"line":38,"column":35}},"loc":{"start":{"line":38,"column":59},"end":{"line":45,"column":1}},"line":38},"4":{"name":"(anonymous_4)","decl":{"start":{"line":52,"column":27},"end":{"line":52,"column":28}},"loc":{"start":{"line":52,"column":52},"end":{"line":60,"column":1}},"line":52},"5":{"name":"(anonymous_5)","decl":{"start":{"line":68,"column":47},"end":{"line":68,"column":48}},"loc":{"start":{"line":68,"column":72},"end":{"line":86,"column":1}},"line":68},"6":{"name":"(anonymous_6)","decl":{"start":{"line":93,"column":90},"end":{"line":93,"column":91}},"loc":{"start":{"line":93,"column":116},"end":{"line":104,"column":1}},"line":93},"7":{"name":"(anonymous_7)","decl":{"start":{"line":106,"column":64},"end":{"line":106,"column":65}},"loc":{"start":{"line":106,"column":90},"end":{"line":116,"column":1}},"line":106},"8":{"name":"(anonymous_8)","decl":{"start":{"line":118,"column":87},"end":{"line":118,"column":88}},"loc":{"start":{"line":118,"column":113},"end":{"line":129,"column":1}},"line":118},"9":{"name":"(anonymous_9)","decl":{"start":{"line":131,"column":91},"end":{"line":131,"column":92}},"loc":{"start":{"line":131,"column":117},"end":{"line":144,"column":1}},"line":131},"10":{"name":"(anonymous_10)","decl":{"start":{"line":146,"column":41},"end":{"line":146,"column":42}},"loc":{"start":{"line":146,"column":67},"end":{"line":154,"column":1}},"line":146},"11":{"name":"(anonymous_11)","decl":{"start":{"line":156,"column":58},"end":{"line":156,"column":59}},"loc":{"start":{"line":156,"column":84},"end":{"line":164,"column":1}},"line":156},"12":{"name":"(anonymous_12)","decl":{"start":{"line":166,"column":55},"end":{"line":166,"column":56}},"loc":{"start":{"line":166,"column":81},"end":{"line":174,"column":1}},"line":166}},"branchMap":{"0":{"loc":{"start":{"line":5,"column":13},"end":{"line":5,"column":37}},"type":"binary-expr","locations":[{"start":{"line":5,"column":13},"end":{"line":5,"column":29}},{"start":{"line":5,"column":33},"end":{"line":5,"column":37}}],"line":5},"1":{"loc":{"start":{"line":71,"column":4},"end":{"line":73,"column":5}},"type":"if","locations":[{"start":{"line":71,"column":4},"end":{"line":73,"column":5}},{"start":{"line":71,"column":4},"end":{"line":73,"column":5}}],"line":71},"2":{"loc":{"start":{"line":74,"column":4},"end":{"line":76,"column":5}},"type":"if","locations":[{"start":{"line":74,"column":4},"end":{"line":76,"column":5}},{"start":{"line":74,"column":4},"end":{"line":76,"column":5}}],"line":74}},"s":{"0":1,"1":1,"2":1,"3":1,"4":1,"5":1,"6":1,"7":1,"8":1,"9":1,"10":1,"11":1,"12":1,"13":1,"14":1,"15":1,"16":1,"17":1,"18":0,"19":1,"20":2,"21":2,"22":2,"23":0,"24":1,"25":2,"26":2,"27":1,"28":1,"29":1,"30":3,"31":3,"32":2,"33":1,"34":2,"35":2,"36":2,"37":0,"38":0,"39":0,"40":2,"41":2,"42":1,"43":2,"44":2,"45":1,"46":1,"47":2,"48":2,"49":1,"50":1,"51":2,"52":2,"53":1,"54":1,"55":2,"56":2,"57":1,"58":1,"59":1,"60":1,"61":1,"62":0,"63":1,"64":2,"65":2,"66":1,"67":1,"68":2,"69":2,"70":1},"f":{"0":1,"1":0,"2":2,"3":2,"4":3,"5":2,"6":2,"7":2,"8":2,"9":2,"10":1,"11":2,"12":2},"b":{"0":[1,1],"1":[2,0],"2":[0,0]},"_coverageSchema":"1a1c01bbd47fc00a2c39e90264f33305004495a9","hash":"358e0683b53c004f4c8ac927c91f9f517f943062"}
,"C:\\Users\\danaharlos\\Documents\\third year\\CPEN321\\ProjectRepo\\spottr\\server\\src\\connection.js": {"path":"C:\\Users\\danaharlos\\Documents\\third year\\CPEN321\\ProjectRepo\\spottr\\server\\src\\connection.js","statementMap":{"0":{"start":{"line":1,"column":13},"end":{"line":1,"column":33}},"1":{"start":{"line":2,"column":12},"end":{"line":2,"column":37}},"2":{"start":{"line":10,"column":23},"end":{"line":15,"column":3}},"3":{"start":{"line":17,"column":12},"end":{"line":17,"column":1746}},"4":{"start":{"line":18,"column":15},"end":{"line":18,"column":57}},"5":{"start":{"line":22,"column":0},"end":{"line":49,"column":2}},"6":{"start":{"line":24,"column":8},"end":{"line":24,"column":42}},"7":{"start":{"line":28,"column":8},"end":{"line":42,"column":11}},"8":{"start":{"line":47,"column":8},"end":{"line":47,"column":90}}},"fnMap":{"0":{"name":"(anonymous_0)","decl":{"start":{"line":23,"column":4},"end":{"line":23,"column":5}},"loc":{"start":{"line":23,"column":18},"end":{"line":25,"column":5}},"line":23},"1":{"name":"(anonymous_1)","decl":{"start":{"line":27,"column":4},"end":{"line":27,"column":5}},"loc":{"start":{"line":27,"column":28},"end":{"line":43,"column":5}},"line":27},"2":{"name":"(anonymous_2)","decl":{"start":{"line":45,"column":4},"end":{"line":45,"column":5}},"loc":{"start":{"line":45,"column":28},"end":{"line":48,"column":5}},"line":45}},"branchMap":{},"s":{"0":2,"1":2,"2":2,"3":2,"4":2,"5":2,"6":2,"7":1,"8":0},"f":{"0":2,"1":1,"2":0},"b":{},"_coverageSchema":"1a1c01bbd47fc00a2c39e90264f33305004495a9","hash":"6ef6db78c9a4459745e2d321769c0cefa8b626b5"}
,"C:\\Users\\danaharlos\\Documents\\third year\\CPEN321\\ProjectRepo\\spottr\\server\\src\\constants.js": {"path":"C:\\Users\\danaharlos\\Documents\\third year\\CPEN321\\ProjectRepo\\spottr\\server\\src\\constants.js","statementMap":{"0":{"start":{"line":1,"column":0},"end":{"line":1,"column":31}},"1":{"start":{"line":2,"column":0},"end":{"line":2,"column":29}},"2":{"start":{"line":3,"column":0},"end":{"line":3,"column":37}}},"fnMap":{},"branchMap":{},"s":{"0":2,"1":2,"2":2},"f":{},"b":{},"_coverageSchema":"1a1c01bbd47fc00a2c39e90264f33305004495a9","hash":"38741ecae91fb494f8d74386dfdacb44224db863"}
,"C:\\Users\\danaharlos\\Documents\\third year\\CPEN321\\ProjectRepo\\spottr\\server\\src\\util.js": {"path":"C:\\Users\\danaharlos\\Documents\\third year\\CPEN321\\ProjectRepo\\spottr\\server\\src\\util.js","statementMap":{"0":{"start":{"line":1,"column":0},"end":{"line":17,"column":2}},"1":{"start":{"line":3,"column":8},"end":{"line":3,"column":51}},"2":{"start":{"line":7,"column":8},"end":{"line":7,"column":51}},"3":{"start":{"line":11,"column":8},"end":{"line":11,"column":47}},"4":{"start":{"line":15,"column":8},"end":{"line":15,"column":65}},"5":{"start":{"line":15,"column":40},"end":{"line":15,"column":63}}},"fnMap":{"0":{"name":"(anonymous_0)","decl":{"start":{"line":2,"column":4},"end":{"line":2,"column":5}},"loc":{"start":{"line":2,"column":20},"end":{"line":4,"column":5}},"line":2},"1":{"name":"(anonymous_1)","decl":{"start":{"line":6,"column":4},"end":{"line":6,"column":5}},"loc":{"start":{"line":6,"column":22},"end":{"line":8,"column":5}},"line":6},"2":{"name":"(anonymous_2)","decl":{"start":{"line":10,"column":4},"end":{"line":10,"column":5}},"loc":{"start":{"line":10,"column":15},"end":{"line":12,"column":5}},"line":10},"3":{"name":"(anonymous_3)","decl":{"start":{"line":14,"column":4},"end":{"line":14,"column":5}},"loc":{"start":{"line":14,"column":14},"end":{"line":16,"column":5}},"line":14},"4":{"name":"(anonymous_4)","decl":{"start":{"line":15,"column":27},"end":{"line":15,"column":28}},"loc":{"start":{"line":15,"column":40},"end":{"line":15,"column":63}},"line":15}},"branchMap":{},"s":{"0":2,"1":0,"2":0,"3":2,"4":0,"5":0},"f":{"0":0,"1":0,"2":2,"3":0,"4":0},"b":{},"_coverageSchema":"1a1c01bbd47fc00a2c39e90264f33305004495a9","hash":"0239742c38673ee9ada8fda7bf3f6578beedc007"}
,"C:\\Users\\danaharlos\\Documents\\third year\\CPEN321\\ProjectRepo\\spottr\\server\\src\\data\\userMultiplierData.js": {"path":"C:\\Users\\danaharlos\\Documents\\third year\\CPEN321\\ProjectRepo\\spottr\\server\\src\\data\\userMultiplierData.js","statementMap":{"0":{"start":{"line":1,"column":10},"end":{"line":1,"column":26}},"1":{"start":{"line":3,"column":0},"end":{"line":22,"column":2}},"2":{"start":{"line":5,"column":8},"end":{"line":20,"column":13}},"3":{"start":{"line":8,"column":12},"end":{"line":13,"column":14}},"4":{"start":{"line":16,"column":12},"end":{"line":16,"column":45}},"5":{"start":{"line":19,"column":12},"end":{"line":19,"column":21}}},"fnMap":{"0":{"name":"(anonymous_0)","decl":{"start":{"line":4,"column":4},"end":{"line":4,"column":5}},"loc":{"start":{"line":4,"column":48},"end":{"line":21,"column":5}},"line":4},"1":{"name":"(anonymous_1)","decl":{"start":{"line":7,"column":16},"end":{"line":7,"column":17}},"loc":{"start":{"line":7,"column":26},"end":{"line":14,"column":11}},"line":7},"2":{"name":"(anonymous_2)","decl":{"start":{"line":15,"column":16},"end":{"line":15,"column":17}},"loc":{"start":{"line":15,"column":28},"end":{"line":17,"column":11}},"line":15},"3":{"name":"(anonymous_3)","decl":{"start":{"line":18,"column":17},"end":{"line":18,"column":18}},"loc":{"start":{"line":18,"column":25},"end":{"line":20,"column":11}},"line":18}},"branchMap":{},"s":{"0":1,"1":1,"2":1,"3":1,"4":1,"5":0},"f":{"0":1,"1":1,"2":1,"3":0},"b":{},"_coverageSchema":"1a1c01bbd47fc00a2c39e90264f33305004495a9","hash":"898cf0ee6675005b9c10ab390356ba0ae92ab222"}
,"C:\\Users\\danaharlos\\Documents\\third year\\CPEN321\\ProjectRepo\\spottr\\server\\src\\service\\userService.js": {"path":"C:\\Users\\danaharlos\\Documents\\third year\\CPEN321\\ProjectRepo\\spottr\\server\\src\\service\\userService.js","statementMap":{"0":{"start":{"line":1,"column":27},"end":{"line":1,"column":67}},"1":{"start":{"line":2,"column":17},"end":{"line":2,"column":47}},"2":{"start":{"line":4,"column":0},"end":{"line":24,"column":2}},"3":{"start":{"line":7,"column":24},"end":{"line":7,"column":77}},"4":{"start":{"line":9,"column":30},"end":{"line":9,"column":95}},"5":{"start":{"line":10,"column":8},"end":{"line":10,"column":82}},"6":{"start":{"line":12,"column":8},"end":{"line":14,"column":11}},"7":{"start":{"line":13,"column":12},"end":{"line":13,"column":73}},"8":{"start":{"line":18,"column":8},"end":{"line":18,"column":90}},"9":{"start":{"line":18,"column":46},"end":{"line":18,"column":88}},"10":{"start":{"line":22,"column":8},"end":{"line":22,"column":105}},"11":{"start":{"line":22,"column":46},"end":{"line":22,"column":103}}},"fnMap":{"0":{"name":"(anonymous_0)","decl":{"start":{"line":5,"column":4},"end":{"line":5,"column":5}},"loc":{"start":{"line":5,"column":52},"end":{"line":15,"column":5}},"line":5},"1":{"name":"(anonymous_1)","decl":{"start":{"line":12,"column":27},"end":{"line":12,"column":28}},"loc":{"start":{"line":12,"column":50},"end":{"line":14,"column":9}},"line":12},"2":{"name":"(anonymous_2)","decl":{"start":{"line":17,"column":4},"end":{"line":17,"column":5}},"loc":{"start":{"line":17,"column":32},"end":{"line":19,"column":5}},"line":17},"3":{"name":"(anonymous_3)","decl":{"start":{"line":18,"column":27},"end":{"line":18,"column":28}},"loc":{"start":{"line":18,"column":46},"end":{"line":18,"column":88}},"line":18},"4":{"name":"(anonymous_4)","decl":{"start":{"line":21,"column":4},"end":{"line":21,"column":5}},"loc":{"start":{"line":21,"column":40},"end":{"line":23,"column":5}},"line":21},"5":{"name":"(anonymous_5)","decl":{"start":{"line":22,"column":27},"end":{"line":22,"column":28}},"loc":{"start":{"line":22,"column":46},"end":{"line":22,"column":103}},"line":22}},"branchMap":{},"s":{"0":1,"1":1,"2":1,"3":1,"4":1,"5":1,"6":1,"7":1,"8":1,"9":1,"10":1,"11":1},"f":{"0":1,"1":1,"2":1,"3":1,"4":1,"5":1},"b":{},"_coverageSchema":"1a1c01bbd47fc00a2c39e90264f33305004495a9","hash":"34416b567916026e237bb33ffc7fe0b5ad95fff8"}
}
