TN:
SF:server.js
FN:21,(anonymous_0)
FN:23,(anonymous_1)
FN:29,(anonymous_2)
FN:38,(anonymous_3)
FN:52,(anonymous_4)
FN:68,(anonymous_5)
FN:93,(anonymous_6)
FN:106,(anonymous_7)
FN:118,(anonymous_8)
FN:131,(anonymous_9)
FN:146,(anonymous_10)
FN:156,(anonymous_11)
FN:166,(anonymous_12)
FNF:13
FNH:12
FNDA:1,(anonymous_0)
FNDA:0,(anonymous_1)
FNDA:2,(anonymous_2)
FNDA:2,(anonymous_3)
FNDA:3,(anonymous_4)
FNDA:2,(anonymous_5)
FNDA:2,(anonymous_6)
FNDA:2,(anonymous_7)
FNDA:2,(anonymous_8)
FNDA:2,(anonymous_9)
FNDA:1,(anonymous_10)
FNDA:2,(anonymous_11)
FNDA:2,(anonymous_12)
DA:1,1
DA:2,1
DA:3,1
DA:4,1
DA:5,1
DA:7,1
DA:8,1
DA:9,1
DA:10,1
DA:11,1
DA:12,1
DA:14,1
DA:15,1
DA:17,1
DA:19,1
DA:21,1
DA:23,1
DA:29,1
DA:30,2
DA:31,2
DA:32,2
DA:34,0
DA:38,1
DA:39,2
DA:40,2
DA:41,1
DA:43,1
DA:52,1
DA:53,3
DA:54,3
DA:58,2
DA:68,1
DA:69,2
DA:71,2
DA:72,2
DA:74,0
DA:75,0
DA:78,0
DA:83,2
DA:84,2
DA:93,1
DA:94,2
DA:95,2
DA:102,1
DA:106,1
DA:107,2
DA:108,2
DA:114,1
DA:118,1
DA:119,2
DA:120,2
DA:127,1
DA:131,1
DA:132,2
DA:133,2
DA:140,1
DA:142,1
DA:146,1
DA:147,1
DA:148,1
DA:152,0
DA:156,1
DA:157,2
DA:158,2
DA:162,1
DA:166,1
DA:167,2
DA:168,2
DA:172,1
LF:69
LH:64
BRDA:5,0,0,1
BRDA:5,0,1,1
BRDA:71,1,0,2
BRDA:71,1,1,0
BRDA:74,2,0,0
BRDA:74,2,1,0
BRF:6
BRH:3
end_of_record
TN:
SF:src\connection.js
FN:23,(anonymous_0)
FN:27,(anonymous_1)
FN:45,(anonymous_2)
FNF:3
FNH:2
FNDA:2,(anonymous_0)
FNDA:1,(anonymous_1)
FNDA:0,(anonymous_2)
DA:1,2
DA:2,2
DA:10,2
DA:17,2
DA:18,2
DA:22,2
DA:24,2
DA:28,1
DA:47,0
LF:9
LH:8
BRF:0
BRH:0
end_of_record
TN:
SF:src\constants.js
FNF:0
FNH:0
DA:1,2
DA:2,2
DA:3,2
LF:3
LH:3
BRF:0
BRH:0
end_of_record
TN:
SF:src\util.js
FN:2,(anonymous_0)
FN:6,(anonymous_1)
FN:10,(anonymous_2)
FN:14,(anonymous_3)
FN:15,(anonymous_4)
FNF:5
FNH:1
FNDA:0,(anonymous_0)
FNDA:0,(anonymous_1)
FNDA:2,(anonymous_2)
FNDA:0,(anonymous_3)
FNDA:0,(anonymous_4)
DA:1,2
DA:3,0
DA:7,0
DA:11,2
DA:15,0
LF:5
LH:2
BRF:0
BRH:0
end_of_record
TN:
SF:src\data\userMultiplierData.js
FN:4,(anonymous_0)
FN:7,(anonymous_1)
FN:15,(anonymous_2)
FN:18,(anonymous_3)
FNF:4
FNH:3
FNDA:1,(anonymous_0)
FNDA:1,(anonymous_1)
FNDA:1,(anonymous_2)
FNDA:0,(anonymous_3)
DA:1,1
DA:3,1
DA:5,1
DA:8,1
DA:16,1
DA:19,0
LF:6
LH:5
BRF:0
BRH:0
end_of_record
TN:
SF:src\service\userService.js
FN:5,(anonymous_0)
FN:12,(anonymous_1)
FN:17,(anonymous_2)
FN:18,(anonymous_3)
FN:21,(anonymous_4)
FN:22,(anonymous_5)
FNF:6
FNH:6
FNDA:1,(anonymous_0)
FNDA:1,(anonymous_1)
FNDA:1,(anonymous_2)
FNDA:1,(anonymous_3)
FNDA:1,(anonymous_4)
FNDA:1,(anonymous_5)
DA:1,1
DA:2,1
DA:4,1
DA:7,1
DA:9,1
DA:10,1
DA:12,1
DA:13,1
DA:18,1
DA:22,1
LF:10
LH:10
BRF:0
BRH:0
end_of_record
